#
# A fatal error has been detected by the Java Runtime Environment:
#
#  EXCEPTION_ACCESS_VIOLATION (0xc0000005) at pc=0x0000000000000000, pid=15680, tid=7224
#
# JRE version: Java(TM) SE Runtime Environment (8.0_25-b18) (build 1.8.0_25-b18)
# Java VM: Java HotSpot(TM) 64-Bit Server VM (25.25-b02 mixed mode windows-amd64 compressed oops)
# Problematic frame:
# C  0x0000000000000000
#
# Failed to write core dump. Minidumps are not enabled by default on client versions of Windows
#
# If you would like to submit a bug report, please visit:
#   http://bugreport.sun.com/bugreport/crash.jsp
# The crash happened outside the Java Virtual Machine in native code.
# See problematic frame for where to report the bug.
#

---------------  T H R E A D  ---------------

Current thread (0x000000001e9e0000):  JavaThread "Timer-0" [_thread_in_native, id=7224, stack(0x0000000022460000,0x0000000022560000)]

siginfo: ExceptionCode=0xc0000005, ExceptionInformation=0x0000000000000008 0x0000000000000000

Registers:
RAX=0x000007fee0baacc0, RBX=0x0000000023788f28, RCX=0x000000001e9e01e8, RDX=0x000000002255f050
RSP=0x000000002255ef68, RBP=0x000000002255f008, RSI=0x0000000000000021, RDI=0x0000000000000853
R8 =0x0000000000000006, R9 =0x000000076b79f7e0, R10=0x0000000002825b48, R11=0x0000000070162810
R12=0x0000000000000000, R13=0x0000000023788f28, R14=0x000000002255f050, R15=0x000000001e9e0000
RIP=0x0000000000000000, EFLAGS=0x0000000000010287

Top of Stack: (sp=0x000000002255ef68)
0x000000002255ef68:   0000000002825b74 000000001bbe6f78
0x000000002255ef78:   000000001e9e0000 0000000000000001
0x000000002255ef88:   000000002255f090 000000003e24a4a5
0x000000002255ef98:   000007fee0baacc0 000000001e9e0000
0x000000002255efa8:   00000000700035bd 000000001e90bce0
0x000000002255efb8:   00000007c007c828 00000007c007c828
0x000000002255efc8:   000000002255efc8 0000000000000000
0x000000002255efd8:   000000002255f050 00000000239b0028
0x000000002255efe8:   0000000000000000 0000000023788f28
0x000000002255eff8:   0000000000000000 000000002255f028
0x000000002255f008:   000000002255f098 0000000002817a2d
0x000000002255f018:   0000000000000000 000000000281f6b8
0x000000002255f028:   000007fee0baacc0 000000002255f098
0x000000002255f038:   000000003e24a4a5 000000003ebababb
0x000000002255f048:   000007fe3e24a4a5 000000076c14b830
0x000000002255f058:   000000002255f058 0000000023788e7b 

Instructions: (pc=0x0000000000000000)
0xffffffffffffffe0:   


Register to memory mapping:

RAX=0x000007fee0baacc0 is an unknown value
RBX={method} {0x0000000023788f30} 'dispatch_glColor3f1' '(FFFJ)V' in 'jogamp/opengl/gl4/GL4bcImpl'
RCX=0x000000001e9e01e8 is an unknown value
RDX=0x000000002255f050 is pointing into the stack for thread: 0x000000001e9e0000
RSP=0x000000002255ef68 is pointing into the stack for thread: 0x000000001e9e0000
RBP=0x000000002255f008 is pointing into the stack for thread: 0x000000001e9e0000
RSI=0x0000000000000021 is an unknown value
RDI=0x0000000000000853 is an unknown value
R8 =0x0000000000000006 is an unknown value
R9 =0x000000076b79f7e0 is an oop
java.lang.Class 
 - klass: 'java/lang/Class'
R10=0x0000000002825b48 is at code_begin+840 in an Interpreter codelet
method entry point (kind = native)  [0x0000000002825800, 0x0000000002826160]  2400 bytes
R11=0x0000000070162810 is an unknown value
R12=0x0000000000000000 is an unknown value
R13={method} {0x0000000023788f30} 'dispatch_glColor3f1' '(FFFJ)V' in 'jogamp/opengl/gl4/GL4bcImpl'
R14=0x000000002255f050 is pointing into the stack for thread: 0x000000001e9e0000
R15=0x000000001e9e0000 is a thread


Stack: [0x0000000022460000,0x0000000022560000],  sp=0x000000002255ef68,  free space=1019k
Native frames: (J=compiled Java code, j=interpreted, Vv=VM code, C=native code)

Java frames: (J=compiled Java code, j=interpreted, Vv=VM code)
j  jogamp.opengl.gl4.GL4bcImpl.dispatch_glColor3f1(FFFJ)V+0
j  jogamp.opengl.gl4.GL4bcImpl.glColor3f(FFF)V+51
j  Graphics.Tools.setColour(Ljava/awt/Color;)V+27
j  Graphics.Tools.drawFilledRectangle(DDDDLjava/awt/Color;)V+2
j  Graphics.PitchDrawingFrame.drawPitch()V+193
j  Graphics.PitchDrawingFrame.display(Ljavax/media/opengl/GLAutoDrawable;)V+32
j  Graphics.PitchDrawingFrame$refreshGraphicsTask.run()V+21
j  java.util.TimerThread.mainLoop()V+221
j  java.util.TimerThread.run()V+1
v  ~StubRoutines::call_stub

---------------  P R O C E S S  ---------------

Java Threads: ( => current thread )
  0x000000002296a000 JavaThread "D3D Screen Updater" daemon [_thread_blocked, id=12292, stack(0x0000000025d70000,0x0000000025e70000)]
  0x00000000021cb800 JavaThread "DestroyJavaVM" [_thread_blocked, id=16292, stack(0x0000000002300000,0x0000000002400000)]
  0x0000000022969800 JavaThread "Timer-1" [_thread_blocked, id=13012, stack(0x00000000261b0000,0x00000000262b0000)]
  0x0000000022a2c000 JavaThread "main-SharedResourceRunner" daemon [_thread_blocked, id=13172, stack(0x0000000023d10000,0x0000000023e10000)]
  0x0000000022825800 JavaThread "AWT-EventQueue-0" [_thread_in_native, id=10536, stack(0x00000000238a0000,0x00000000239a0000)]
=>0x000000001e9e0000 JavaThread "Timer-0" [_thread_in_native, id=7224, stack(0x0000000022460000,0x0000000022560000)]
  0x000000001e872000 JavaThread "AWT-Windows" daemon [_thread_in_native, id=15576, stack(0x000000001f0a0000,0x000000001f1a0000)]
  0x000000001e870800 JavaThread "AWT-Shutdown" [_thread_blocked, id=10928, stack(0x000000001ef00000,0x000000001f000000)]
  0x000000001e861000 JavaThread "Java2D Disposer" daemon [_thread_blocked, id=14440, stack(0x000000001ecb0000,0x000000001edb0000)]
  0x000000001e805000 JavaThread "Monitor Ctrl-Break" daemon [_thread_in_native, id=13044, stack(0x000000001df30000,0x000000001e030000)]
  0x000000001d633800 JavaThread "Service Thread" daemon [_thread_blocked, id=680, stack(0x000000001e290000,0x000000001e390000)]
  0x000000001d5cb800 JavaThread "C1 CompilerThread2" daemon [_thread_blocked, id=8684, stack(0x000000001e040000,0x000000001e140000)]
  0x000000001d5ca000 JavaThread "C2 CompilerThread1" daemon [_thread_blocked, id=15380, stack(0x000000001de30000,0x000000001df30000)]
  0x000000001d5c4800 JavaThread "C2 CompilerThread0" daemon [_thread_blocked, id=12100, stack(0x000000001d9d0000,0x000000001dad0000)]
  0x000000001d5c3000 JavaThread "Attach Listener" daemon [_thread_blocked, id=12896, stack(0x000000001dc40000,0x000000001dd40000)]
  0x000000001d5c0800 JavaThread "Signal Dispatcher" daemon [_thread_blocked, id=14472, stack(0x000000001dae0000,0x000000001dbe0000)]
  0x000000001c17b000 JavaThread "Finalizer" daemon [_thread_blocked, id=10044, stack(0x000000001d4c0000,0x000000001d5c0000)]
  0x000000001c172000 JavaThread "Reference Handler" daemon [_thread_blocked, id=13376, stack(0x000000001d3b0000,0x000000001d4b0000)]

Other Threads:
  0x000000001c16c800 VMThread [stack: 0x000000001d180000,0x000000001d280000] [id=12232]
  0x000000001d63a800 WatcherThread [stack: 0x000000001e3a0000,0x000000001e4a0000] [id=14808]

VM state:not at safepoint (normal execution)

VM Mutex/Monitor currently owned by a thread: None

Heap:
 PSYoungGen      total 76288K, used 48016K [0x000000076af00000, 0x0000000770400000, 0x00000007c0000000)
  eden space 65536K, 73% used [0x000000076af00000,0x000000076dde43c8,0x000000076ef00000)
  from space 10752K, 0% used [0x000000076f980000,0x000000076f980000,0x0000000770400000)
  to   space 10752K, 0% used [0x000000076ef00000,0x000000076ef00000,0x000000076f980000)
 ParOldGen       total 175104K, used 0K [0x00000006c0c00000, 0x00000006cb700000, 0x000000076af00000)
  object space 175104K, 0% used [0x00000006c0c00000,0x00000006c0c00000,0x00000006cb700000)
 Metaspace       used 15897K, capacity 16083K, committed 16384K, reserved 1064960K
  class space    used 1653K, capacity 1703K, committed 1792K, reserved 1048576K

Card table byte_map: [0x0000000011bd0000,0x00000000123d0000] byte_map_base: 0x000000000e5ca000

Marking Bits: (ParMarkBitMap*) 0x000000007072d490
 Begin Bits: [0x0000000013040000, 0x0000000017010000)
 End Bits:   [0x0000000017010000, 0x000000001afe0000)

Polling page: 0x0000000000260000

CodeCache: size=245760Kb used=3356Kb max_used=3356Kb free=242403Kb
 bounds [0x0000000002810000, 0x0000000002b60000, 0x0000000011810000]
 total_blobs=1630 nmethods=824 adapters=720
 compilation: enabled

Compilation events (10 events):
Event: 1.972 Thread 0x000000001d5cb800  819       3       Graphics.Tools::cordConvertX (11 bytes)
Event: 1.972 Thread 0x000000001d5cb800 nmethod 819 0x0000000002b561d0 code [0x0000000002b56340, 0x0000000002b56490]
Event: 1.972 Thread 0x000000001d5cb800  820       3       Graphics.Tools::cordConvertY (11 bytes)
Event: 1.972 Thread 0x000000001d5cb800 nmethod 820 0x0000000002b568d0 code [0x0000000002b56a40, 0x0000000002b56b90]
Event: 1.972 Thread 0x000000001d5cb800  821       3       jogamp.opengl.gl4.GL4bcImpl::glVertex2f (51 bytes)
Event: 1.973 Thread 0x000000001d5cb800 nmethod 821 0x0000000002b56c10 code [0x0000000002b56e60, 0x0000000002b57d48]
Event: 1.973 Thread 0x000000001d5cb800  823       1       Graphics.Tools::cordConvertX (11 bytes)
Event: 1.973 Thread 0x000000001d5cb800 nmethod 823 0x0000000002b58690 code [0x0000000002b58800, 0x0000000002b58910]
Event: 1.973 Thread 0x000000001d5cb800  824       1       Graphics.Tools::cordConvertY (11 bytes)
Event: 1.973 Thread 0x000000001d5cb800 nmethod 824 0x0000000002b58990 code [0x0000000002b58b00, 0x0000000002b58c10]

GC Heap History (0 events):
No events

Deoptimization events (3 events):
Event: 1.832 Thread 0x00000000021cb800 Uncommon trap: reason=unreached action=reinterpret pc=0x0000000002b181f0 method=java.lang.reflect.AccessibleObject.setAccessible0(Ljava/lang/reflect/AccessibleObject;Z)V @ 4
Event: 1.849 Thread 0x00000000021cb800 Uncommon trap: reason=unreached action=reinterpret pc=0x0000000002aa0660 method=java.lang.AbstractStringBuilder.append(Ljava/lang/String;)Ljava/lang/AbstractStringBuilder; @ 1
Event: 1.850 Thread 0x00000000021cb800 Uncommon trap: reason=unreached action=reinterpret pc=0x0000000002a1e324 method=java.lang.AbstractStringBuilder.append(Ljava/lang/String;)Ljava/lang/AbstractStringBuilder; @ 1

Internal exceptions (10 events):
Event: 1.910 Thread 0x00000000021cb800 Exception <a 'java/security/PrivilegedActionException'> (0x000000076d901b58) thrown at [D:\re\workspace\8-2-build-windows-amd64-cygwin\jdk8u25\1677\hotspot\src\share\vm\prims\jvm.cpp, line 1312]
Event: 1.911 Thread 0x00000000021cb800 Exception <a 'java/security/PrivilegedActionException'> (0x000000076d90a010) thrown at [D:\re\workspace\8-2-build-windows-amd64-cygwin\jdk8u25\1677\hotspot\src\share\vm\prims\jvm.cpp, line 1312]
Event: 1.911 Thread 0x00000000021cb800 Exception <a 'java/security/PrivilegedActionException'> (0x000000076d90eea8) thrown at [D:\re\workspace\8-2-build-windows-amd64-cygwin\jdk8u25\1677\hotspot\src\share\vm\prims\jvm.cpp, line 1312]
Event: 1.955 Thread 0x0000000022825800 Exception <a 'java/security/PrivilegedActionException'> (0x000000076c126fc0) thrown at [D:\re\workspace\8-2-build-windows-amd64-cygwin\jdk8u25\1677\hotspot\src\share\vm\prims\jvm.cpp, line 1312]
Event: 1.955 Thread 0x0000000022825800 Exception <a 'java/security/PrivilegedActionException'> (0x000000076c12b778) thrown at [D:\re\workspace\8-2-build-windows-amd64-cygwin\jdk8u25\1677\hotspot\src\share\vm\prims\jvm.cpp, line 1312]
Event: 1.955 Thread 0x0000000022825800 Exception <a 'java/security/PrivilegedActionException'> (0x000000076c132248) thrown at [D:\re\workspace\8-2-build-windows-amd64-cygwin\jdk8u25\1677\hotspot\src\share\vm\prims\jvm.cpp, line 1312]
Event: 1.956 Thread 0x0000000022825800 Exception <a 'java/security/PrivilegedActionException'> (0x000000076c138b90) thrown at [D:\re\workspace\8-2-build-windows-amd64-cygwin\jdk8u25\1677\hotspot\src\share\vm\prims\jvm.cpp, line 1312]
Event: 1.956 Thread 0x0000000022825800 Exception <a 'java/security/PrivilegedActionException'> (0x000000076c13d970) thrown at [D:\re\workspace\8-2-build-windows-amd64-cygwin\jdk8u25\1677\hotspot\src\share\vm\prims\jvm.cpp, line 1312]
Event: 1.957 Thread 0x0000000022825800 Exception <a 'java/security/PrivilegedActionException'> (0x000000076c142e28) thrown at [D:\re\workspace\8-2-build-windows-amd64-cygwin\jdk8u25\1677\hotspot\src\share\vm\prims\jvm.cpp, line 1312]
Event: 1.957 Thread 0x0000000022825800 Exception <a 'java/security/PrivilegedActionException'> (0x000000076c1473a0) thrown at [D:\re\workspace\8-2-build-windows-amd64-cygwin\jdk8u25\1677\hotspot\src\share\vm\prims\jvm.cpp, line 1312]

Events (10 events):
Event: 1.955 loading class jogamp/opengl/ThreadingImpl$1
Event: 1.955 loading class jogamp/opengl/ThreadingImpl$1 done
Event: 1.956 loading class javax/media/opengl/Threading$Mode
Event: 1.956 loading class javax/media/opengl/Threading$Mode done
Event: 1.956 loading class jogamp/opengl/awt/AWTThreadingPlugin
Event: 1.956 loading class jogamp/opengl/awt/AWTThreadingPlugin done
Event: 1.957 loading class jogamp/opengl/ToolkitThreadingPlugin
Event: 1.957 loading class jogamp/opengl/ToolkitThreadingPlugin done
Event: 1.957 loading class jogamp/opengl/awt/AWTThreadingPlugin$1
Event: 1.957 loading class jogamp/opengl/awt/AWTThreadingPlugin$1 done


Dynamic libraries:
0x000000013f830000 - 0x000000013f864000 	C:\Program Files\Java\jdk1.8.0_25\bin\java.exe
0x0000000076f20000 - 0x00000000770c9000 	C:\Windows\SYSTEM32\ntdll.dll
0x0000000076e00000 - 0x0000000076f1f000 	C:\Windows\system32\kernel32.dll
0x000007fefbd40000 - 0x000007fefbdac000 	C:\Windows\system32\KERNELBASE.dll
0x000007fefd220000 - 0x000007fefd2fb000 	C:\Windows\system32\ADVAPI32.dll
0x000007fefd180000 - 0x000007fefd21f000 	C:\Windows\system32\msvcrt.dll
0x000007fefde80000 - 0x000007fefde9f000 	C:\Windows\SYSTEM32\sechost.dll
0x000007fefd830000 - 0x000007fefd95d000 	C:\Windows\system32\RPCRT4.dll
0x0000000076d00000 - 0x0000000076dfa000 	C:\Windows\system32\USER32.dll
0x000007fefe060000 - 0x000007fefe0c7000 	C:\Windows\system32\GDI32.dll
0x000007fefc0d0000 - 0x000007fefc0de000 	C:\Windows\system32\LPK.dll
0x000007fefda60000 - 0x000007fefdb29000 	C:\Windows\system32\USP10.dll
0x000007fefa7c0000 - 0x000007fefa9b4000 	C:\Windows\WinSxS\amd64_microsoft.windows.common-controls_6595b64144ccf1df_6.0.7601.17514_none_fa396087175ac9ac\COMCTL32.dll
0x000007fefd7b0000 - 0x000007fefd821000 	C:\Windows\system32\SHLWAPI.dll
0x000007fefe030000 - 0x000007fefe05e000 	C:\Windows\system32\IMM32.DLL
0x000007fefc0e0000 - 0x000007fefc1e9000 	C:\Windows\system32\MSCTF.dll
0x000007fef0130000 - 0x000007fef01bd000 	C:\Program Files (x86)\AVG\AVG2015\avghooka.dll
0x0000000055b50000 - 0x0000000055c22000 	C:\Program Files\Java\jdk1.8.0_25\jre\bin\msvcr100.dll
0x000000006ff50000 - 0x00000000707aa000 	C:\Program Files\Java\jdk1.8.0_25\jre\bin\server\jvm.dll
0x000007fef6fa0000 - 0x000007fef6fa9000 	C:\Windows\system32\WSOCK32.dll
0x000007fefd510000 - 0x000007fefd55d000 	C:\Windows\system32\WS2_32.dll
0x000007fefc0c0000 - 0x000007fefc0c8000 	C:\Windows\system32\NSI.dll
0x000007fef8610000 - 0x000007fef864b000 	C:\Windows\system32\WINMM.dll
0x00000000770e0000 - 0x00000000770e7000 	C:\Windows\system32\PSAPI.DLL
0x0000000072e70000 - 0x0000000072e7f000 	C:\Program Files\Java\jdk1.8.0_25\jre\bin\verify.dll
0x0000000060830000 - 0x0000000060858000 	C:\Program Files\Java\jdk1.8.0_25\jre\bin\java.dll
0x0000000072e50000 - 0x0000000072e66000 	C:\Program Files\Java\jdk1.8.0_25\jre\bin\zip.dll
0x000007fefc3d0000 - 0x000007fefd159000 	C:\Windows\system32\SHELL32.dll
0x000007fefd300000 - 0x000007fefd503000 	C:\Windows\system32\ole32.dll
0x000007fefbc70000 - 0x000007fefbc7f000 	C:\Windows\system32\profapi.dll
0x000007fefebe0000 - 0x000007fefebf0000 	C:\Program Files (x86)\JetBrains\IntelliJ IDEA Community Edition 14.0.1\bin\breakgen64.dll
0x0000000062360000 - 0x000000006237a000 	C:\Program Files\Java\jdk1.8.0_25\jre\bin\net.dll
0x000007fefb440000 - 0x000007fefb495000 	C:\Windows\system32\mswsock.dll
0x000007fefb430000 - 0x000007fefb437000 	C:\Windows\System32\wship6.dll
0x0000000060170000 - 0x0000000060308000 	C:\Program Files\Java\jdk1.8.0_25\jre\bin\awt.dll
0x000007fefe0d0000 - 0x000007fefe1a7000 	C:\Windows\system32\OLEAUT32.dll
0x000007fef9f40000 - 0x000007fef9f58000 	C:\Windows\system32\DWMAPI.DLL
0x000007fefa390000 - 0x000007fefa3e6000 	C:\Windows\system32\uxtheme.dll
0x000007fed81d0000 - 0x000007fed81f5000 	C:\Program Files (x86)\Raptr\ltc_help64-93154.dll
0x000007fefbdc0000 - 0x000007fefbdfb000 	C:\Windows\system32\WINTRUST.dll
0x000007fefbe30000 - 0x000007fefbf9d000 	C:\Windows\system32\CRYPT32.dll
0x000007fefbc60000 - 0x000007fefbc6f000 	C:\Windows\system32\MSASN1.dll
0x000007fefbb00000 - 0x000007fefbb0f000 	C:\Windows\system32\CRYPTBASE.dll
0x000007feeb2d0000 - 0x000007feeb4cf000 	C:\Windows\system32\d3d9.dll
0x000007feface0000 - 0x000007fefacec000 	C:\Windows\system32\VERSION.dll
0x000007feeffc0000 - 0x000007feeffc7000 	C:\Windows\system32\d3d8thk.dll
0x000007fef7910000 - 0x000007fef7a5c000 	C:\Windows\system32\aticfx64.dll
0x000007fed69e0000 - 0x000007fed6a01000 	C:\Windows\system32\atiu9p64.dll
0x000007fed61e0000 - 0x000007fed69d6000 	C:\Windows\system32\atiumd64.dll
0x0000000052810000 - 0x0000000053018000 	C:\Windows\system32\atiumd6a.dll
0x000007fefacb0000 - 0x000007fefacdc000 	C:\Windows\system32\POWRPROF.dll
0x000007fefc1f0000 - 0x000007fefc3c7000 	C:\Windows\system32\SETUPAPI.dll
0x000007fefbfb0000 - 0x000007fefbfe6000 	C:\Windows\system32\CFGMGR32.dll
0x000007fefbe00000 - 0x000007fefbe1a000 	C:\Windows\system32\DEVOBJ.dll
0x000007fefb4a0000 - 0x000007fefb4b8000 	C:\Windows\system32\CRYPTSP.dll
0x000007fefb1a0000 - 0x000007fefb1e7000 	C:\Windows\system32\rsaenh.dll
0x000007fefbff0000 - 0x000007fefc00e000 	C:\Windows\system32\USERENV.dll
0x000007fef9400000 - 0x000007fef9427000 	C:\Windows\system32\IPHLPAPI.DLL
0x000007fef93f0000 - 0x000007fef93fb000 	C:\Windows\system32\WINNSI.DLL
0x000007fef9200000 - 0x000007fef9211000 	C:\Windows\system32\dhcpcsvc6.DLL
0x000007fef91e0000 - 0x000007fef91f8000 	C:\Windows\system32\dhcpcsvc.DLL
0x0000000060da0000 - 0x0000000060db1000 	C:\Program Files\Java\jdk1.8.0_25\jre\bin\nio.dll
0x000007fefbaa0000 - 0x000007fefbaf7000 	C:\Windows\system32\apphelp.dll
0x00000000637c0000 - 0x00000000637cd000 	C:\Users\Ghost\AppData\Local\Temp\jogamp_0000\file_cache\jln1489874442455287937\jln5099188575781158859\gluegen-rt.dll
0x0000000062350000 - 0x0000000062357000 	C:\Program Files\Java\jdk1.8.0_25\jre\bin\jawt.dll
0x000000006a440000 - 0x000000006a44d000 	C:\Users\Ghost\AppData\Local\Temp\jogamp_0000\file_cache\jln1489874442455287937\jln5099188575781158859\nativewindow_awt.dll
0x000000006c100000 - 0x000000006c10f000 	C:\Users\Ghost\AppData\Local\Temp\jogamp_0000\file_cache\jln1489874442455287937\jln5099188575781158859\nativewindow_win32.dll
0x000007fee0ad0000 - 0x000007fee0bed000 	C:\Windows\system32\OpenGL32.dll
0x000007fefe990000 - 0x000007fefe9bd000 	C:\Windows\system32\GLU32.dll
0x000007fed8200000 - 0x000007fed82f1000 	C:\Windows\system32\DDRAW.dll
0x000007fee1020000 - 0x000007fee1028000 	C:\Windows\system32\DCIMAN32.dll
0x0000000064500000 - 0x00000000645a2000 	C:\Users\Ghost\AppData\Local\Temp\jogamp_0000\file_cache\jln1489874442455287937\jln5099188575781158859\jogl_desktop.dll
0x000007fefe950000 - 0x000007fefe968000 	C:\Windows\system32\atig6pxx.dll
0x0000000068230000 - 0x0000000069dde000 	C:\Windows\system32\atio6axx.dll
0x000007fee7470000 - 0x000007fee75a8000 	C:\Windows\system32\atiadlxx.dll
0x000007fefa4a0000 - 0x000007fefa5cc000 	C:\Windows\system32\PROPSYS.dll
0x000007fefacf0000 - 0x000007fefad01000 	C:\Windows\system32\WTSAPI32.dll
0x000007fefe540000 - 0x000007fefe569000 	C:\Windows\system32\atig6txx.dll
0x0000000060d40000 - 0x0000000060d87000 	C:\Program Files\Java\jdk1.8.0_25\jre\bin\fontmanager.dll
0x000007fef5130000 - 0x000007fef5255000 	C:\Windows\system32\dbghelp.dll

VM Arguments:
jvm_args: -Didea.launcher.port=7536 -Didea.launcher.bin.path=C:\Program Files (x86)\JetBrains\IntelliJ IDEA Community Edition 14.0.1\bin -Dfile.encoding=UTF-8 
java_command: com.intellij.rt.execution.application.AppMain Main.Game
java_class_path (initial): C:\Program Files\Java\jdk1.8.0_25\jre\lib\charsets.jar;C:\Program Files\Java\jdk1.8.0_25\jre\lib\deploy.jar;C:\Program Files\Java\jdk1.8.0_25\jre\lib\javaws.jar;C:\Program Files\Java\jdk1.8.0_25\jre\lib\jce.jar;C:\Program Files\Java\jdk1.8.0_25\jre\lib\jfr.jar;C:\Program Files\Java\jdk1.8.0_25\jre\lib\jfxswt.jar;C:\Program Files\Java\jdk1.8.0_25\jre\lib\jsse.jar;C:\Program Files\Java\jdk1.8.0_25\jre\lib\management-agent.jar;C:\Program Files\Java\jdk1.8.0_25\jre\lib\plugin.jar;C:\Program Files\Java\jdk1.8.0_25\jre\lib\resources.jar;C:\Program Files\Java\jdk1.8.0_25\jre\lib\rt.jar;C:\Program Files\Java\jdk1.8.0_25\jre\lib\ext\access-bridge-64.jar;C:\Program Files\Java\jdk1.8.0_25\jre\lib\ext\cldrdata.jar;C:\Program Files\Java\jdk1.8.0_25\jre\lib\ext\dnsns.jar;C:\Program Files\Java\jdk1.8.0_25\jre\lib\ext\jaccess.jar;C:\Program Files\Java\jdk1.8.0_25\jre\lib\ext\jfxrt.jar;C:\Program Files\Java\jdk1.8.0_25\jre\lib\ext\localedata.jar;C:\Program Files\Java\jdk1.8.0_25\jre\lib\ext\nashorn.jar;C:\Program Files\Java\jdk1.8.0_25\jre\lib\ext\sunec.jar;C:\Program Files\Java\jdk1.8.0_25\jre\lib\ext\sunjce_provider.jar;C:\Program Files\Java\jdk1.8.0_25\jre\lib\ext\sunmscapi.jar;C:\Program Files\Java\jdk1.8.0_25\jre\lib\ext\sunpkcs11.jar;C:\Program Files\Java\jdk1.8.0_25\jre\lib\ext\zipfs.jar;C:\Users\Ghost\IdeaProjects\Soccer Simulator\out\production\Soccer Simulator;C:\Users\Ghost\IdeaProjects\jogamp-all-platforms\jar\joal.jar;C:\Users\Ghost\IdeaProjects\jogamp-all-platforms\jar\jocl.jar;C:\Users\Ghost\IdeaProjects\jogamp-all-platforms\jar\gluegen.jar;C:\Users\Ghost\IdeaProjects\jogamp-all-platforms\jar\jogl-all.jar;C:\Users\Ghost\IdeaProjects\jogamp-all-platforms\jar\joal-test.jar;C:\Users\Ghost\IdeaProjects\jogamp-all-platforms\jar\jocl-test.jar;C:\Users\Ghost\IdeaProjects\jogamp-all-platforms\jar\jogl-test.jar;C:\Users\Ghost\IdeaProjects\jogamp-all-platforms\jar\gluegen-rt.jar;C:\Users\Ghost\IdeaProjects\jogamp-all-platforms\jar\joal-android.jar;C
Launcher Type: SUN_STANDARD

Environment Variables:
PATH=C:\ProgramData\Oracle\Java\javapath;C:\Program Files\Common Files\Microsoft Shared\Windows Live;C:\Program Files (x86)\Common Files\Microsoft Shared\Windows Live;C:\Windows\system32;C:\Windows;C:\Windows\System32\Wbem;C:\Windows\System32\WindowsPowerShell\v1.0\;C:\Program Files (x86)\ATI Technologies\ATI.ACE\Core-Static;C:\Program Files (x86)\Windows Live\Shared;C:\Program Files (x86)\Git\cmd;C:\Program Files (x86)\AMD\ATI.ACE\Core-Static
USERNAME=Ghost
OS=Windows_NT
PROCESSOR_IDENTIFIER=Intel64 Family 6 Model 42 Stepping 7, GenuineIntel



---------------  S Y S T E M  ---------------

OS: Windows 7 , 64 bit Build 7601 Service Pack 1

CPU:total 4 (4 cores per cpu, 1 threads per core) family 6 model 42 stepping 7, cmov, cx8, fxsr, mmx, sse, sse2, sse3, ssse3, sse4.1, sse4.2, popcnt, avx, aes, clmul, tsc, tscinvbit

Memory: 4k page, physical 16723548k(10177668k free), swap 33445240k(23837436k free)

vm_info: Java HotSpot(TM) 64-Bit Server VM (25.25-b02) for windows-amd64 JRE (1.8.0_25-b18), built on Oct  7 2014 14:25:37 by "java_re" with MS VC++ 10.0 (VS2010)

time: Wed Mar 18 15:06:12 2015
elapsed time: 2 seconds (0d 0h 0m 2s)

